<?xml version="1.0" encoding="UTF-8"?>
<!-- Generated by org.testng.reporters.JUnitReportReporter -->
<testsuite hostname="PUNITP339800L" failures="0" tests="2" name="utils.ExcelUtils1DataProvider" time="0.016" errors="0" timestamp="2020-11-29T12:08:32 IST" skipped="0">
  <testcase classname="utils.ExcelUtils1DataProvider" name="test1" time="0.000"/>
  <system-out/>
  <testcase classname="utils.ExcelUtils1DataProvider" name="test1" time="0.016"/>
  <system-out/>
</testsuite> <!-- utils.ExcelUtils1DataProvider -->
