<?xml version="1.0" encoding="UTF-8"?>
<!-- Generated by org.testng.reporters.JUnitReportReporter -->
<testsuite hostname="PUNITP339800L" failures="0" tests="1" name="test.ExtentReportsTest" time="5.085" errors="0" timestamp="2020-11-12T13:56:56 IST" skipped="0">
  <testcase classname="test.ExtentReportsTest" name="Test" time="5.085"/>
  <system-out/>
</testsuite> <!-- test.ExtentReportsTest -->
