<?xml version="1.0" encoding="UTF-8"?>
<!-- Generated by org.testng.reporters.JUnitReportReporter -->
<testsuite hostname="PUNITP339800L" failures="0" tests="3" name="test.MercuryToursRegisterPageTest" time="15.440" errors="0" timestamp="2020-11-10T12:42:04 IST" skipped="0">
  <testcase classname="test.MercuryToursRegisterPageTest" name="mercuryToursRegisterTest" time="3.193"/>
  <system-out/>
  <testcase classname="test.MercuryToursRegisterPageTest" name="mercuryToursSignonTest" time="7.923"/>
  <system-out/>
  <testcase classname="test.MercuryToursRegisterPageTest" name="mercuryToursFlightsTest" time="4.324"/>
  <system-out/>
</testsuite> <!-- test.MercuryToursRegisterPageTest -->
